[0.109s] DEBUG:colcon:Command line arguments: ['/usr/bin/colcon', 'build', '--symlink-install']
[0.109s] DEBUG:colcon:Parsed command line arguments: Namespace(allow_overriding=[], ament_cmake_args=None, base_paths=['.'], build_base='build', catkin_cmake_args=None, catkin_skip_building_tests=False, cmake_args=None, cmake_clean_cache=False, cmake_clean_first=False, cmake_force_configure=False, cmake_target=None, cmake_target_skip_unavailable=False, continue_on_error=False, event_handlers=None, executor='parallel', ignore_user_meta=False, install_base='install', log_base=None, log_level=None, main=<bound method BuildVerb.main of <colcon_core.verb.build.BuildVerb object at 0x7f7613dfbcd0>>, merge_install=False, metas=['./colcon.meta'], packages_above=None, packages_above_and_dependencies=None, packages_above_depth=None, packages_end=None, packages_ignore=None, packages_ignore_regex=None, packages_select=None, packages_select_build_failed=False, packages_select_by_dep=None, packages_select_regex=None, packages_select_test_failures=False, packages_skip=None, packages_skip_build_finished=False, packages_skip_by_dep=None, packages_skip_regex=None, packages_skip_test_passed=False, packages_skip_up_to=None, packages_start=None, packages_up_to=None, packages_up_to_regex=None, parallel_workers=16, paths=None, symlink_install=True, test_result_base=None, verb_extension=<colcon_core.verb.build.BuildVerb object at 0x7f7613dfbcd0>, verb_name='build', verb_parser=<colcon_defaults.argument_parser.defaults.DefaultArgumentsDecorator object at 0x7f7613e094f0>)
[0.193s] Level 1:colcon.colcon_core.package_discovery:discover_packages(colcon_meta) check parameters
[0.193s] Level 1:colcon.colcon_core.package_discovery:discover_packages(recursive) check parameters
[0.193s] Level 1:colcon.colcon_core.package_discovery:discover_packages(ignore) check parameters
[0.193s] Level 1:colcon.colcon_core.package_discovery:discover_packages(path) check parameters
[0.193s] Level 1:colcon.colcon_core.package_discovery:discover_packages(colcon_meta) discover
[0.193s] Level 1:colcon.colcon_core.package_discovery:discover_packages(recursive) discover
[0.193s] INFO:colcon.colcon_core.package_discovery:Crawling recursively for packages in '/home/praveen/two_wheeled_robot/src'
[0.193s] Level 1:colcon.colcon_core.package_identification:_identify(.) by extensions ['ignore', 'ignore_ament_install']
[0.193s] Level 1:colcon.colcon_core.package_identification:_identify(.) by extension 'ignore'
[0.193s] Level 1:colcon.colcon_core.package_identification:_identify(.) by extension 'ignore_ament_install'
[0.193s] Level 1:colcon.colcon_core.package_identification:_identify(.) by extensions ['colcon_pkg']
[0.193s] Level 1:colcon.colcon_core.package_identification:_identify(.) by extension 'colcon_pkg'
[0.193s] Level 1:colcon.colcon_core.package_identification:_identify(.) by extensions ['colcon_meta']
[0.193s] Level 1:colcon.colcon_core.package_identification:_identify(.) by extension 'colcon_meta'
[0.193s] Level 1:colcon.colcon_core.package_identification:_identify(.) by extensions ['ros']
[0.193s] Level 1:colcon.colcon_core.package_identification:_identify(.) by extension 'ros'
[0.200s] Level 1:colcon.colcon_core.package_identification:_identify(.) by extensions ['cmake', 'python']
[0.200s] Level 1:colcon.colcon_core.package_identification:_identify(.) by extension 'cmake'
[0.200s] Level 1:colcon.colcon_core.package_identification:_identify(.) by extension 'python'
[0.200s] Level 1:colcon.colcon_core.package_identification:_identify(.) by extensions ['python_setup_py']
[0.200s] Level 1:colcon.colcon_core.package_identification:_identify(.) by extension 'python_setup_py'
[0.200s] Level 1:colcon.colcon_core.package_identification:_identify(build) by extensions ['ignore', 'ignore_ament_install']
[0.200s] Level 1:colcon.colcon_core.package_identification:_identify(build) by extension 'ignore'
[0.200s] Level 1:colcon.colcon_core.package_identification:_identify(build) ignored
[0.200s] Level 1:colcon.colcon_core.package_identification:_identify(install) by extensions ['ignore', 'ignore_ament_install']
[0.200s] Level 1:colcon.colcon_core.package_identification:_identify(install) by extension 'ignore'
[0.200s] Level 1:colcon.colcon_core.package_identification:_identify(install) ignored
[0.200s] Level 1:colcon.colcon_core.package_identification:_identify(log) by extensions ['ignore', 'ignore_ament_install']
[0.200s] Level 1:colcon.colcon_core.package_identification:_identify(log) by extension 'ignore'
[0.201s] Level 1:colcon.colcon_core.package_identification:_identify(log) ignored
[0.201s] Level 1:colcon.colcon_core.package_identification:_identify(robot_parts) by extensions ['ignore', 'ignore_ament_install']
[0.201s] Level 1:colcon.colcon_core.package_identification:_identify(robot_parts) by extension 'ignore'
[0.201s] Level 1:colcon.colcon_core.package_identification:_identify(robot_parts) by extension 'ignore_ament_install'
[0.201s] Level 1:colcon.colcon_core.package_identification:_identify(robot_parts) by extensions ['colcon_pkg']
[0.201s] Level 1:colcon.colcon_core.package_identification:_identify(robot_parts) by extension 'colcon_pkg'
[0.201s] Level 1:colcon.colcon_core.package_identification:_identify(robot_parts) by extensions ['colcon_meta']
[0.201s] Level 1:colcon.colcon_core.package_identification:_identify(robot_parts) by extension 'colcon_meta'
[0.201s] Level 1:colcon.colcon_core.package_identification:_identify(robot_parts) by extensions ['ros']
[0.201s] Level 1:colcon.colcon_core.package_identification:_identify(robot_parts) by extension 'ros'
[0.202s] DEBUG:colcon.colcon_core.package_identification:Package 'robot_parts' with type 'ros.ament_cmake' and name 'robot_parts'
[0.202s] Level 1:colcon.colcon_core.package_discovery:discover_packages(recursive) using defaults
[0.202s] Level 1:colcon.colcon_core.package_discovery:discover_packages(ignore) discover
[0.202s] Level 1:colcon.colcon_core.package_discovery:discover_packages(ignore) using defaults
[0.202s] Level 1:colcon.colcon_core.package_discovery:discover_packages(path) discover
[0.202s] Level 1:colcon.colcon_core.package_discovery:discover_packages(path) using defaults
[0.213s] Level 1:colcon.colcon_core.package_discovery:discover_packages(prefix_path) check parameters
[0.213s] Level 1:colcon.colcon_core.package_discovery:discover_packages(prefix_path) discover
[0.214s] DEBUG:colcon.colcon_installed_package_information.package_discovery:Found 275 installed packages in /opt/ros/foxy
[0.215s] Level 1:colcon.colcon_core.package_discovery:discover_packages(prefix_path) using defaults
[0.255s] Level 5:colcon.colcon_core.verb:set package 'robot_parts' build argument 'cmake_args' from command line to 'None'
[0.255s] Level 5:colcon.colcon_core.verb:set package 'robot_parts' build argument 'cmake_target' from command line to 'None'
[0.255s] Level 5:colcon.colcon_core.verb:set package 'robot_parts' build argument 'cmake_target_skip_unavailable' from command line to 'False'
[0.255s] Level 5:colcon.colcon_core.verb:set package 'robot_parts' build argument 'cmake_clean_cache' from command line to 'False'
[0.255s] Level 5:colcon.colcon_core.verb:set package 'robot_parts' build argument 'cmake_clean_first' from command line to 'False'
[0.255s] Level 5:colcon.colcon_core.verb:set package 'robot_parts' build argument 'cmake_force_configure' from command line to 'False'
[0.255s] Level 5:colcon.colcon_core.verb:set package 'robot_parts' build argument 'ament_cmake_args' from command line to 'None'
[0.255s] Level 5:colcon.colcon_core.verb:set package 'robot_parts' build argument 'catkin_cmake_args' from command line to 'None'
[0.255s] Level 5:colcon.colcon_core.verb:set package 'robot_parts' build argument 'catkin_skip_building_tests' from command line to 'False'
[0.255s] DEBUG:colcon.colcon_core.verb:Building package 'robot_parts' with the following arguments: {'ament_cmake_args': None, 'build_base': '/home/praveen/two_wheeled_robot/src/build/robot_parts', 'catkin_cmake_args': None, 'catkin_skip_building_tests': False, 'cmake_args': None, 'cmake_clean_cache': False, 'cmake_clean_first': False, 'cmake_force_configure': False, 'cmake_target': None, 'cmake_target_skip_unavailable': False, 'install_base': '/home/praveen/two_wheeled_robot/src/install/robot_parts', 'merge_install': False, 'path': '/home/praveen/two_wheeled_robot/src/robot_parts', 'symlink_install': True, 'test_result_base': None}
[0.256s] INFO:colcon.colcon_core.executor:Executing jobs using 'parallel' executor
[0.256s] DEBUG:colcon.colcon_parallel_executor.executor.parallel:run_until_complete
[0.256s] INFO:colcon.colcon_ros.task.ament_cmake.build:Building ROS package in '/home/praveen/two_wheeled_robot/src/robot_parts' with build type 'ament_cmake'
[0.257s] INFO:colcon.colcon_cmake.task.cmake.build:Building CMake package in '/home/praveen/two_wheeled_robot/src/robot_parts'
[0.258s] INFO:colcon.colcon_core.plugin_system:Skipping extension 'colcon_core.shell.bat': Not used on non-Windows systems
[0.258s] INFO:colcon.colcon_core.shell:Skip shell extension 'powershell' for command environment: Not usable outside of PowerShell
[0.258s] DEBUG:colcon.colcon_core.shell:Skip shell extension 'dsv' for command environment
[0.264s] DEBUG:colcon.colcon_core.event_handler.log_command:Invoking command in '/home/praveen/two_wheeled_robot/src/build/robot_parts': CMAKE_PREFIX_PATH=/opt/ros/foxy /usr/bin/cmake --build /home/praveen/two_wheeled_robot/src/build/robot_parts -- -j16 -l16
[0.296s] DEBUG:colcon.colcon_core.event_handler.log_command:Invoked command in '/home/praveen/two_wheeled_robot/src/build/robot_parts' returned '0': CMAKE_PREFIX_PATH=/opt/ros/foxy /usr/bin/cmake --build /home/praveen/two_wheeled_robot/src/build/robot_parts -- -j16 -l16
[0.306s] DEBUG:colcon.colcon_core.event_handler.log_command:Invoking command in '/home/praveen/two_wheeled_robot/src/build/robot_parts': CMAKE_PREFIX_PATH=/opt/ros/foxy /usr/bin/cmake --install /home/praveen/two_wheeled_robot/src/build/robot_parts
[0.344s] Level 1:colcon.colcon_core.environment:create_environment_scripts_only(robot_parts)
[0.344s] DEBUG:colcon.colcon_core.event_handler.log_command:Invoked command in '/home/praveen/two_wheeled_robot/src/build/robot_parts' returned '0': CMAKE_PREFIX_PATH=/opt/ros/foxy /usr/bin/cmake --install /home/praveen/two_wheeled_robot/src/build/robot_parts
[0.346s] Level 1:colcon.colcon_core.environment:checking '/home/praveen/two_wheeled_robot/src/install/robot_parts' for CMake module files
[0.346s] Level 1:colcon.colcon_core.environment:checking '/home/praveen/two_wheeled_robot/src/install/robot_parts' for CMake config files
[0.347s] Level 1:colcon.colcon_core.shell:create_environment_hook('robot_parts', 'cmake_prefix_path')
[0.347s] INFO:colcon.colcon_core.shell:Creating environment hook '/home/praveen/two_wheeled_robot/src/install/robot_parts/share/robot_parts/hook/cmake_prefix_path.ps1'
[0.347s] INFO:colcon.colcon_core.shell:Creating environment descriptor '/home/praveen/two_wheeled_robot/src/install/robot_parts/share/robot_parts/hook/cmake_prefix_path.dsv'
[0.348s] INFO:colcon.colcon_core.shell:Creating environment hook '/home/praveen/two_wheeled_robot/src/install/robot_parts/share/robot_parts/hook/cmake_prefix_path.sh'
[0.349s] Level 1:colcon.colcon_core.environment:checking '/home/praveen/two_wheeled_robot/src/install/robot_parts/bin'
[0.349s] Level 1:colcon.colcon_core.environment:checking '/home/praveen/two_wheeled_robot/src/install/robot_parts/lib/pkgconfig/robot_parts.pc'
[0.349s] Level 1:colcon.colcon_core.environment:checking '/home/praveen/two_wheeled_robot/src/install/robot_parts/lib/python3.8/site-packages'
[0.349s] Level 1:colcon.colcon_core.environment:checking '/home/praveen/two_wheeled_robot/src/install/robot_parts/bin'
[0.350s] INFO:colcon.colcon_core.shell:Creating package script '/home/praveen/two_wheeled_robot/src/install/robot_parts/share/robot_parts/package.ps1'
[0.351s] INFO:colcon.colcon_core.shell:Creating package descriptor '/home/praveen/two_wheeled_robot/src/install/robot_parts/share/robot_parts/package.dsv'
[0.351s] INFO:colcon.colcon_core.shell:Creating package script '/home/praveen/two_wheeled_robot/src/install/robot_parts/share/robot_parts/package.sh'
[0.352s] INFO:colcon.colcon_core.shell:Creating package script '/home/praveen/two_wheeled_robot/src/install/robot_parts/share/robot_parts/package.bash'
[0.353s] INFO:colcon.colcon_core.shell:Creating package script '/home/praveen/two_wheeled_robot/src/install/robot_parts/share/robot_parts/package.zsh'
[0.353s] Level 1:colcon.colcon_core.environment:create_file_with_runtime_dependencies(/home/praveen/two_wheeled_robot/src/install/robot_parts/share/colcon-core/packages/robot_parts)
[0.354s] Level 1:colcon.colcon_core.environment:create_environment_scripts_only(robot_parts)
[0.354s] Level 1:colcon.colcon_core.environment:checking '/home/praveen/two_wheeled_robot/src/install/robot_parts' for CMake module files
[0.355s] Level 1:colcon.colcon_core.environment:checking '/home/praveen/two_wheeled_robot/src/install/robot_parts' for CMake config files
[0.355s] Level 1:colcon.colcon_core.shell:create_environment_hook('robot_parts', 'cmake_prefix_path')
[0.355s] INFO:colcon.colcon_core.shell:Creating environment hook '/home/praveen/two_wheeled_robot/src/install/robot_parts/share/robot_parts/hook/cmake_prefix_path.ps1'
[0.356s] INFO:colcon.colcon_core.shell:Creating environment descriptor '/home/praveen/two_wheeled_robot/src/install/robot_parts/share/robot_parts/hook/cmake_prefix_path.dsv'
[0.356s] INFO:colcon.colcon_core.shell:Creating environment hook '/home/praveen/two_wheeled_robot/src/install/robot_parts/share/robot_parts/hook/cmake_prefix_path.sh'
[0.357s] Level 1:colcon.colcon_core.environment:checking '/home/praveen/two_wheeled_robot/src/install/robot_parts/bin'
[0.357s] Level 1:colcon.colcon_core.environment:checking '/home/praveen/two_wheeled_robot/src/install/robot_parts/lib/pkgconfig/robot_parts.pc'
[0.357s] Level 1:colcon.colcon_core.environment:checking '/home/praveen/two_wheeled_robot/src/install/robot_parts/lib/python3.8/site-packages'
[0.358s] Level 1:colcon.colcon_core.environment:checking '/home/praveen/two_wheeled_robot/src/install/robot_parts/bin'
[0.358s] INFO:colcon.colcon_core.shell:Creating package script '/home/praveen/two_wheeled_robot/src/install/robot_parts/share/robot_parts/package.ps1'
[0.358s] INFO:colcon.colcon_core.shell:Creating package descriptor '/home/praveen/two_wheeled_robot/src/install/robot_parts/share/robot_parts/package.dsv'
[0.359s] INFO:colcon.colcon_core.shell:Creating package script '/home/praveen/two_wheeled_robot/src/install/robot_parts/share/robot_parts/package.sh'
[0.359s] INFO:colcon.colcon_core.shell:Creating package script '/home/praveen/two_wheeled_robot/src/install/robot_parts/share/robot_parts/package.bash'
[0.359s] INFO:colcon.colcon_core.shell:Creating package script '/home/praveen/two_wheeled_robot/src/install/robot_parts/share/robot_parts/package.zsh'
[0.359s] Level 1:colcon.colcon_core.environment:create_file_with_runtime_dependencies(/home/praveen/two_wheeled_robot/src/install/robot_parts/share/colcon-core/packages/robot_parts)
[0.360s] DEBUG:colcon.colcon_parallel_executor.executor.parallel:closing loop
[0.360s] DEBUG:colcon.colcon_parallel_executor.executor.parallel:loop closed
[0.360s] DEBUG:colcon.colcon_parallel_executor.executor.parallel:run_until_complete finished with '0'
[0.360s] DEBUG:colcon.colcon_core.event_reactor:joining thread
[0.365s] INFO:colcon.colcon_core.plugin_system:Skipping extension 'colcon_notification.desktop_notification.terminal_notifier': Not used on non-Darwin systems
[0.365s] INFO:colcon.colcon_core.plugin_system:Skipping extension 'colcon_notification.desktop_notification.win32': Not used on non-Windows systems
[0.365s] INFO:colcon.colcon_notification.desktop_notification:Sending desktop notification using 'notify2'
[0.384s] DEBUG:colcon.colcon_core.event_reactor:joined thread
[0.385s] INFO:colcon.colcon_core.shell:Creating prefix script '/home/praveen/two_wheeled_robot/src/install/local_setup.ps1'
[0.386s] INFO:colcon.colcon_core.shell:Creating prefix util module '/home/praveen/two_wheeled_robot/src/install/_local_setup_util_ps1.py'
[0.388s] INFO:colcon.colcon_core.shell:Creating prefix chain script '/home/praveen/two_wheeled_robot/src/install/setup.ps1'
[0.388s] INFO:colcon.colcon_core.shell:Creating prefix script '/home/praveen/two_wheeled_robot/src/install/local_setup.sh'
[0.389s] INFO:colcon.colcon_core.shell:Creating prefix util module '/home/praveen/two_wheeled_robot/src/install/_local_setup_util_sh.py'
[0.389s] INFO:colcon.colcon_core.shell:Creating prefix chain script '/home/praveen/two_wheeled_robot/src/install/setup.sh'
[0.390s] INFO:colcon.colcon_core.shell:Creating prefix script '/home/praveen/two_wheeled_robot/src/install/local_setup.bash'
[0.391s] INFO:colcon.colcon_core.shell:Creating prefix chain script '/home/praveen/two_wheeled_robot/src/install/setup.bash'
[0.392s] INFO:colcon.colcon_core.shell:Creating prefix script '/home/praveen/two_wheeled_robot/src/install/local_setup.zsh'
[0.392s] INFO:colcon.colcon_core.shell:Creating prefix chain script '/home/praveen/two_wheeled_robot/src/install/setup.zsh'
