-- Install configuration: ""
-- Execute custom install script
-- Up-to-date symlink: /home/praveen/two_wheeled_robot/src/install/robot_parts/share/robot_parts/launch/twr_spawn.launch.py
-- Up-to-date symlink: /home/praveen/two_wheeled_robot/src/install/robot_parts/share/robot_parts/description/gazebo_control.xacro
-- Up-to-date symlink: /home/praveen/two_wheeled_robot/src/install/robot_parts/share/robot_parts/description/robot_core.xacro
-- Up-to-date symlink: /home/praveen/two_wheeled_robot/src/install/robot_parts/share/robot_parts/description/robot_intertia.xacro
-- Symlinking: /home/praveen/two_wheeled_robot/src/install/robot_parts/share/robot_parts/description/two_wheeled_robot.urdf.xacro
-- Up-to-date symlink: /home/praveen/two_wheeled_robot/src/install/robot_parts/share/ament_index/resource_index/package_run_dependencies/robot_parts
-- Up-to-date symlink: /home/praveen/two_wheeled_robot/src/install/robot_parts/share/ament_index/resource_index/parent_prefix_path/robot_parts
-- Up-to-date symlink: /home/praveen/two_wheeled_robot/src/install/robot_parts/share/robot_parts/environment/ament_prefix_path.sh
-- Up-to-date symlink: /home/praveen/two_wheeled_robot/src/install/robot_parts/share/robot_parts/environment/ament_prefix_path.dsv
-- Up-to-date symlink: /home/praveen/two_wheeled_robot/src/install/robot_parts/share/robot_parts/environment/path.sh
-- Up-to-date symlink: /home/praveen/two_wheeled_robot/src/install/robot_parts/share/robot_parts/environment/path.dsv
-- Up-to-date symlink: /home/praveen/two_wheeled_robot/src/install/robot_parts/share/robot_parts/local_setup.bash
-- Up-to-date symlink: /home/praveen/two_wheeled_robot/src/install/robot_parts/share/robot_parts/local_setup.sh
-- Up-to-date symlink: /home/praveen/two_wheeled_robot/src/install/robot_parts/share/robot_parts/local_setup.zsh
-- Up-to-date symlink: /home/praveen/two_wheeled_robot/src/install/robot_parts/share/robot_parts/local_setup.dsv
-- Symlinking: /home/praveen/two_wheeled_robot/src/install/robot_parts/share/robot_parts/package.dsv
-- Up-to-date symlink: /home/praveen/two_wheeled_robot/src/install/robot_parts/share/ament_index/resource_index/packages/robot_parts
-- Up-to-date symlink: /home/praveen/two_wheeled_robot/src/install/robot_parts/share/robot_parts/cmake/robot_partsConfig.cmake
-- Up-to-date symlink: /home/praveen/two_wheeled_robot/src/install/robot_parts/share/robot_parts/cmake/robot_partsConfig-version.cmake
-- Up-to-date symlink: /home/praveen/two_wheeled_robot/src/install/robot_parts/share/robot_parts/package.xml
