-- Found ament_cmake: 0.9.12 (/opt/ros/foxy/share/ament_cmake/cmake)
-- Using PYTHON_EXECUTABLE: /usr/bin/python3
-- Override CMake install command with custom implementation using symlinks instead of copying resources
-- Found ament_lint_auto: 0.9.8 (/opt/ros/foxy/share/ament_lint_auto/cmake)
-- Added test 'copyright' to check source files copyright and LICENSE
-- Added test 'flake8' to check Python code syntax and style conventions
-- Added test 'lint_cmake' to check CMake code style
-- Added test 'pep257' to check Python code against some of the style conventions in PEP 257
-- Added test 'xmllint' to check XML markup files
-- Configuring done
-- Generating done
-- Build files have been written to: /home/praveen/two_wheeled_robot/src/build/robot_parts
-- Install configuration: ""
-- Execute custom install script
-- Up-to-date symlink: /home/praveen/two_wheeled_robot/src/install/robot_parts/share/robot_parts/launch/twr_spawn.launch.py
-- Up-to-date symlink: /home/praveen/two_wheeled_robot/src/install/robot_parts/share/robot_parts/description/gazebo_control.xacro
-- Up-to-date symlink: /home/praveen/two_wheeled_robot/src/install/robot_parts/share/robot_parts/description/robot_core.xacro
-- Up-to-date symlink: /home/praveen/two_wheeled_robot/src/install/robot_parts/share/robot_parts/description/robot_intertia.xacro
-- Up-to-date symlink: /home/praveen/two_wheeled_robot/src/install/robot_parts/share/robot_parts/description/two_wheeled_robot.xacro
-- Up-to-date symlink: /home/praveen/two_wheeled_robot/src/install/robot_parts/share/ament_index/resource_index/package_run_dependencies/robot_parts
-- Up-to-date symlink: /home/praveen/two_wheeled_robot/src/install/robot_parts/share/ament_index/resource_index/parent_prefix_path/robot_parts
-- Up-to-date symlink: /home/praveen/two_wheeled_robot/src/install/robot_parts/share/robot_parts/environment/ament_prefix_path.sh
-- Up-to-date symlink: /home/praveen/two_wheeled_robot/src/install/robot_parts/share/robot_parts/environment/ament_prefix_path.dsv
-- Up-to-date symlink: /home/praveen/two_wheeled_robot/src/install/robot_parts/share/robot_parts/environment/path.sh
-- Up-to-date symlink: /home/praveen/two_wheeled_robot/src/install/robot_parts/share/robot_parts/environment/path.dsv
-- Up-to-date symlink: /home/praveen/two_wheeled_robot/src/install/robot_parts/share/robot_parts/local_setup.bash
-- Up-to-date symlink: /home/praveen/two_wheeled_robot/src/install/robot_parts/share/robot_parts/local_setup.sh
-- Up-to-date symlink: /home/praveen/two_wheeled_robot/src/install/robot_parts/share/robot_parts/local_setup.zsh
-- Up-to-date symlink: /home/praveen/two_wheeled_robot/src/install/robot_parts/share/robot_parts/local_setup.dsv
-- Symlinking: /home/praveen/two_wheeled_robot/src/install/robot_parts/share/robot_parts/package.dsv
-- Up-to-date symlink: /home/praveen/two_wheeled_robot/src/install/robot_parts/share/ament_index/resource_index/packages/robot_parts
-- Up-to-date symlink: /home/praveen/two_wheeled_robot/src/install/robot_parts/share/robot_parts/cmake/robot_partsConfig.cmake
-- Up-to-date symlink: /home/praveen/two_wheeled_robot/src/install/robot_parts/share/robot_parts/cmake/robot_partsConfig-version.cmake
-- Up-to-date symlink: /home/praveen/two_wheeled_robot/src/install/robot_parts/share/robot_parts/package.xml
