[0.007s] Invoking command in '/home/praveen/two_wheeled_robot/src/build/robot_parts': CMAKE_PREFIX_PATH=/opt/ros/foxy /usr/bin/cmake --build /home/praveen/two_wheeled_robot/src/build/robot_parts -- -j16 -l16
[0.022s] -- Found ament_cmake: 0.9.12 (/opt/ros/foxy/share/ament_cmake/cmake)
[0.035s] -- Using PYTHON_EXECUTABLE: /usr/bin/python3
[0.130s] -- Override CMake install command with custom implementation using symlinks instead of copying resources
[0.134s] -- Found ament_lint_auto: 0.9.8 (/opt/ros/foxy/share/ament_lint_auto/cmake)
[0.171s] -- Added test 'copyright' to check source files copyright and LICENSE
[0.172s] -- Added test 'flake8' to check Python code syntax and style conventions
[0.172s] -- Added test 'lint_cmake' to check CMake code style
[0.172s] -- Added test 'pep257' to check Python code against some of the style conventions in PEP 257
[0.173s] -- Added test 'xmllint' to check XML markup files
[0.174s] -- Configuring done
[0.175s] -- Generating done
[0.176s] -- Build files have been written to: /home/praveen/two_wheeled_robot/src/build/robot_parts
[0.189s] Invoked command in '/home/praveen/two_wheeled_robot/src/build/robot_parts' returned '0': CMAKE_PREFIX_PATH=/opt/ros/foxy /usr/bin/cmake --build /home/praveen/two_wheeled_robot/src/build/robot_parts -- -j16 -l16
[0.196s] Invoking command in '/home/praveen/two_wheeled_robot/src/build/robot_parts': CMAKE_PREFIX_PATH=/opt/ros/foxy /usr/bin/cmake --install /home/praveen/two_wheeled_robot/src/build/robot_parts
[0.200s] -- Install configuration: ""
[0.200s] -- Execute custom install script
[0.200s] -- Up-to-date symlink: /home/praveen/two_wheeled_robot/src/install/robot_parts/share/robot_parts/launch/twr_spawn.launch.py
[0.200s] -- Up-to-date symlink: /home/praveen/two_wheeled_robot/src/install/robot_parts/share/robot_parts/description/gazebo_control.xacro
[0.201s] -- Up-to-date symlink: /home/praveen/two_wheeled_robot/src/install/robot_parts/share/robot_parts/description/robot_core.xacro
[0.201s] -- Up-to-date symlink: /home/praveen/two_wheeled_robot/src/install/robot_parts/share/robot_parts/description/robot_intertia.xacro
[0.201s] -- Up-to-date symlink: /home/praveen/two_wheeled_robot/src/install/robot_parts/share/robot_parts/description/two_wheeled_robot.xacro
[0.201s] -- Up-to-date symlink: /home/praveen/two_wheeled_robot/src/install/robot_parts/share/ament_index/resource_index/package_run_dependencies/robot_parts
[0.201s] -- Up-to-date symlink: /home/praveen/two_wheeled_robot/src/install/robot_parts/share/ament_index/resource_index/parent_prefix_path/robot_parts
[0.201s] -- Up-to-date symlink: /home/praveen/two_wheeled_robot/src/install/robot_parts/share/robot_parts/environment/ament_prefix_path.sh
[0.201s] -- Up-to-date symlink: /home/praveen/two_wheeled_robot/src/install/robot_parts/share/robot_parts/environment/ament_prefix_path.dsv
[0.201s] -- Up-to-date symlink: /home/praveen/two_wheeled_robot/src/install/robot_parts/share/robot_parts/environment/path.sh
[0.201s] -- Up-to-date symlink: /home/praveen/two_wheeled_robot/src/install/robot_parts/share/robot_parts/environment/path.dsv
[0.202s] -- Up-to-date symlink: /home/praveen/two_wheeled_robot/src/install/robot_parts/share/robot_parts/local_setup.bash
[0.202s] -- Up-to-date symlink: /home/praveen/two_wheeled_robot/src/install/robot_parts/share/robot_parts/local_setup.sh
[0.202s] -- Up-to-date symlink: /home/praveen/two_wheeled_robot/src/install/robot_parts/share/robot_parts/local_setup.zsh
[0.202s] -- Up-to-date symlink: /home/praveen/two_wheeled_robot/src/install/robot_parts/share/robot_parts/local_setup.dsv
[0.202s] -- Symlinking: /home/praveen/two_wheeled_robot/src/install/robot_parts/share/robot_parts/package.dsv
[0.207s] -- Up-to-date symlink: /home/praveen/two_wheeled_robot/src/install/robot_parts/share/ament_index/resource_index/packages/robot_parts
[0.207s] -- Up-to-date symlink: /home/praveen/two_wheeled_robot/src/install/robot_parts/share/robot_parts/cmake/robot_partsConfig.cmake
[0.207s] -- Up-to-date symlink: /home/praveen/two_wheeled_robot/src/install/robot_parts/share/robot_parts/cmake/robot_partsConfig-version.cmake
[0.207s] -- Up-to-date symlink: /home/praveen/two_wheeled_robot/src/install/robot_parts/share/robot_parts/package.xml
[0.209s] Invoked command in '/home/praveen/two_wheeled_robot/src/build/robot_parts' returned '0': CMAKE_PREFIX_PATH=/opt/ros/foxy /usr/bin/cmake --install /home/praveen/two_wheeled_robot/src/build/robot_parts
