[0.007s] Invoking command in '/home/praveen/two_wheeled_robot/src/build/robot_parts': CMAKE_PREFIX_PATH=/opt/ros/foxy /usr/bin/cmake --build /home/praveen/two_wheeled_robot/src/build/robot_parts -- -j16 -l16
[0.031s] Invoked command in '/home/praveen/two_wheeled_robot/src/build/robot_parts' returned '0': CMAKE_PREFIX_PATH=/opt/ros/foxy /usr/bin/cmake --build /home/praveen/two_wheeled_robot/src/build/robot_parts -- -j16 -l16
[0.040s] Invoking command in '/home/praveen/two_wheeled_robot/src/build/robot_parts': CMAKE_PREFIX_PATH=/opt/ros/foxy /usr/bin/cmake --install /home/praveen/two_wheeled_robot/src/build/robot_parts
[0.044s] -- Install configuration: ""
[0.044s] -- Execute custom install script
[0.044s] -- Up-to-date symlink: /home/praveen/two_wheeled_robot/src/install/robot_parts/share/robot_parts/launch/twr_spawn.launch.py
[0.045s] -- Up-to-date symlink: /home/praveen/two_wheeled_robot/src/install/robot_parts/share/robot_parts/description/gazebo_control.xacro
[0.045s] -- Up-to-date symlink: /home/praveen/two_wheeled_robot/src/install/robot_parts/share/robot_parts/description/robot_core.xacro
[0.045s] -- Up-to-date symlink: /home/praveen/two_wheeled_robot/src/install/robot_parts/share/robot_parts/description/robot_intertia.xacro
[0.045s] -- Up-to-date symlink: /home/praveen/two_wheeled_robot/src/install/robot_parts/share/robot_parts/description/two_wheeled_robot.xacro
[0.045s] -- Up-to-date symlink: /home/praveen/two_wheeled_robot/src/install/robot_parts/share/ament_index/resource_index/package_run_dependencies/robot_parts
[0.045s] -- Up-to-date symlink: /home/praveen/two_wheeled_robot/src/install/robot_parts/share/ament_index/resource_index/parent_prefix_path/robot_parts
[0.045s] -- Up-to-date symlink: /home/praveen/two_wheeled_robot/src/install/robot_parts/share/robot_parts/environment/ament_prefix_path.sh
[0.045s] -- Up-to-date symlink: /home/praveen/two_wheeled_robot/src/install/robot_parts/share/robot_parts/environment/ament_prefix_path.dsv
[0.046s] -- Up-to-date symlink: /home/praveen/two_wheeled_robot/src/install/robot_parts/share/robot_parts/environment/path.sh
[0.046s] -- Up-to-date symlink: /home/praveen/two_wheeled_robot/src/install/robot_parts/share/robot_parts/environment/path.dsv
[0.046s] -- Up-to-date symlink: /home/praveen/two_wheeled_robot/src/install/robot_parts/share/robot_parts/local_setup.bash
[0.046s] -- Up-to-date symlink: /home/praveen/two_wheeled_robot/src/install/robot_parts/share/robot_parts/local_setup.sh
[0.046s] -- Up-to-date symlink: /home/praveen/two_wheeled_robot/src/install/robot_parts/share/robot_parts/local_setup.zsh
[0.046s] -- Up-to-date symlink: /home/praveen/two_wheeled_robot/src/install/robot_parts/share/robot_parts/local_setup.dsv
[0.046s] -- Symlinking: /home/praveen/two_wheeled_robot/src/install/robot_parts/share/robot_parts/package.dsv
[0.051s] -- Up-to-date symlink: /home/praveen/two_wheeled_robot/src/install/robot_parts/share/ament_index/resource_index/packages/robot_parts
[0.051s] -- Up-to-date symlink: /home/praveen/two_wheeled_robot/src/install/robot_parts/share/robot_parts/cmake/robot_partsConfig.cmake
[0.051s] -- Up-to-date symlink: /home/praveen/two_wheeled_robot/src/install/robot_parts/share/robot_parts/cmake/robot_partsConfig-version.cmake
[0.052s] -- Up-to-date symlink: /home/praveen/two_wheeled_robot/src/install/robot_parts/share/robot_parts/package.xml
[0.053s] Invoked command in '/home/praveen/two_wheeled_robot/src/build/robot_parts' returned '0': CMAKE_PREFIX_PATH=/opt/ros/foxy /usr/bin/cmake --install /home/praveen/two_wheeled_robot/src/build/robot_parts
