-- The C compiler identification is GNU 9.4.0
-- The CXX compiler identification is GNU 9.4.0
-- Check for working C compiler: /usr/bin/cc
-- Check for working C compiler: /usr/bin/cc -- works
-- Detecting C compiler ABI info
-- Detecting C compiler ABI info - done
-- Detecting C compile features
-- Detecting C compile features - done
-- Check for working CXX compiler: /usr/bin/c++
-- Check for working CXX compiler: /usr/bin/c++ -- works
-- Detecting CXX compiler ABI info
-- Detecting CXX compiler ABI info - done
-- Detecting CXX compile features
-- Detecting CXX compile features - done
-- Found ament_cmake: 0.9.12 (/opt/ros/foxy/share/ament_cmake/cmake)
-- Found PythonInterp: /usr/bin/python3 (found suitable version "3.8.10", minimum required is "3") 
-- Using PYTHON_EXECUTABLE: /usr/bin/python3
-- Override CMake install command with custom implementation using symlinks instead of copying resources
-- Found ament_lint_auto: 0.9.8 (/opt/ros/foxy/share/ament_lint_auto/cmake)
-- Added test 'copyright' to check source files copyright and LICENSE
-- Added test 'flake8' to check Python code syntax and style conventions
-- Added test 'lint_cmake' to check CMake code style
-- Added test 'pep257' to check Python code against some of the style conventions in PEP 257
-- Added test 'xmllint' to check XML markup files
-- Configuring done
-- Generating done
-- Build files have been written to: /home/praveen/two_wheeled_robot/src/build/robot_parts
-- Install configuration: ""
-- Execute custom install script
-- Symlinking: /home/praveen/two_wheeled_robot/src/install/robot_parts/share/robot_parts/launch/twr_spawn.launch.py
-- Symlinking: /home/praveen/two_wheeled_robot/src/install/robot_parts/share/robot_parts/description/robot_core.xacro
-- Symlinking: /home/praveen/two_wheeled_robot/src/install/robot_parts/share/robot_parts/description/robot_intertia.xacro
-- Symlinking: /home/praveen/two_wheeled_robot/src/install/robot_parts/share/robot_parts/description/two_wheeled_robot.xacro
-- Symlinking: /home/praveen/two_wheeled_robot/src/install/robot_parts/share/ament_index/resource_index/package_run_dependencies/robot_parts
-- Symlinking: /home/praveen/two_wheeled_robot/src/install/robot_parts/share/ament_index/resource_index/parent_prefix_path/robot_parts
-- Symlinking: /home/praveen/two_wheeled_robot/src/install/robot_parts/share/robot_parts/environment/ament_prefix_path.sh
-- Symlinking: /home/praveen/two_wheeled_robot/src/install/robot_parts/share/robot_parts/environment/ament_prefix_path.dsv
-- Symlinking: /home/praveen/two_wheeled_robot/src/install/robot_parts/share/robot_parts/environment/path.sh
-- Symlinking: /home/praveen/two_wheeled_robot/src/install/robot_parts/share/robot_parts/environment/path.dsv
-- Symlinking: /home/praveen/two_wheeled_robot/src/install/robot_parts/share/robot_parts/local_setup.bash
-- Symlinking: /home/praveen/two_wheeled_robot/src/install/robot_parts/share/robot_parts/local_setup.sh
-- Symlinking: /home/praveen/two_wheeled_robot/src/install/robot_parts/share/robot_parts/local_setup.zsh
-- Symlinking: /home/praveen/two_wheeled_robot/src/install/robot_parts/share/robot_parts/local_setup.dsv
-- Symlinking: /home/praveen/two_wheeled_robot/src/install/robot_parts/share/robot_parts/package.dsv
-- Symlinking: /home/praveen/two_wheeled_robot/src/install/robot_parts/share/ament_index/resource_index/packages/robot_parts
-- Symlinking: /home/praveen/two_wheeled_robot/src/install/robot_parts/share/robot_parts/cmake/robot_partsConfig.cmake
-- Symlinking: /home/praveen/two_wheeled_robot/src/install/robot_parts/share/robot_parts/cmake/robot_partsConfig-version.cmake
-- Symlinking: /home/praveen/two_wheeled_robot/src/install/robot_parts/share/robot_parts/package.xml
