[0.007s] Invoking command in '/home/praveen/two_wheeled_robot/src/build/robot_parts': CMAKE_PREFIX_PATH=/opt/ros/foxy /usr/bin/cmake /home/praveen/two_wheeled_robot/src/robot_parts -DAMENT_CMAKE_SYMLINK_INSTALL=1 -DCMAKE_INSTALL_PREFIX=/home/praveen/two_wheeled_robot/src/install/robot_parts
[0.044s] -- The C compiler identification is GNU 9.4.0
[0.079s] -- The CXX compiler identification is GNU 9.4.0
[0.082s] -- Check for working C compiler: /usr/bin/cc
[0.148s] -- Check for working C compiler: /usr/bin/cc -- works
[0.149s] -- Detecting C compiler ABI info
[0.225s] -- Detecting C compiler ABI info - done
[0.241s] -- Detecting C compile features
[0.242s] -- Detecting C compile features - done
[0.244s] -- Check for working CXX compiler: /usr/bin/c++
[0.320s] -- Check for working CXX compiler: /usr/bin/c++ -- works
[0.321s] -- Detecting CXX compiler ABI info
[0.385s] -- Detecting CXX compiler ABI info - done
[0.393s] -- Detecting CXX compile features
[0.394s] -- Detecting CXX compile features - done
[0.396s] -- Found ament_cmake: 0.9.12 (/opt/ros/foxy/share/ament_cmake/cmake)
[0.417s] -- Found PythonInterp: /usr/bin/python3 (found suitable version "3.8.10", minimum required is "3") 
[0.417s] -- Using PYTHON_EXECUTABLE: /usr/bin/python3
[0.512s] -- Override CMake install command with custom implementation using symlinks instead of copying resources
[0.524s] -- Found ament_lint_auto: 0.9.8 (/opt/ros/foxy/share/ament_lint_auto/cmake)
[0.568s] -- Added test 'copyright' to check source files copyright and LICENSE
[0.569s] -- Added test 'flake8' to check Python code syntax and style conventions
[0.569s] -- Added test 'lint_cmake' to check CMake code style
[0.569s] -- Added test 'pep257' to check Python code against some of the style conventions in PEP 257
[0.570s] -- Added test 'xmllint' to check XML markup files
[0.571s] -- Configuring done
[0.572s] -- Generating done
[0.573s] -- Build files have been written to: /home/praveen/two_wheeled_robot/src/build/robot_parts
[0.576s] Invoked command in '/home/praveen/two_wheeled_robot/src/build/robot_parts' returned '0': CMAKE_PREFIX_PATH=/opt/ros/foxy /usr/bin/cmake /home/praveen/two_wheeled_robot/src/robot_parts -DAMENT_CMAKE_SYMLINK_INSTALL=1 -DCMAKE_INSTALL_PREFIX=/home/praveen/two_wheeled_robot/src/install/robot_parts
[0.577s] Invoking command in '/home/praveen/two_wheeled_robot/src/build/robot_parts': CMAKE_PREFIX_PATH=/opt/ros/foxy /usr/bin/cmake --build /home/praveen/two_wheeled_robot/src/build/robot_parts -- -j16 -l16
[0.602s] Invoked command in '/home/praveen/two_wheeled_robot/src/build/robot_parts' returned '0': CMAKE_PREFIX_PATH=/opt/ros/foxy /usr/bin/cmake --build /home/praveen/two_wheeled_robot/src/build/robot_parts -- -j16 -l16
[0.609s] Invoking command in '/home/praveen/two_wheeled_robot/src/build/robot_parts': CMAKE_PREFIX_PATH=/opt/ros/foxy /usr/bin/cmake --install /home/praveen/two_wheeled_robot/src/build/robot_parts
[0.620s] -- Install configuration: ""
[0.621s] -- Execute custom install script
[0.622s] -- Symlinking: /home/praveen/two_wheeled_robot/src/install/robot_parts/share/robot_parts/launch/twr_spawn.launch.py
[0.634s] -- Symlinking: /home/praveen/two_wheeled_robot/src/install/robot_parts/share/robot_parts/description/robot_core.xacro
[0.641s] -- Symlinking: /home/praveen/two_wheeled_robot/src/install/robot_parts/share/robot_parts/description/robot_intertia.xacro
[0.647s] -- Symlinking: /home/praveen/two_wheeled_robot/src/install/robot_parts/share/robot_parts/description/two_wheeled_robot.xacro
[0.654s] -- Symlinking: /home/praveen/two_wheeled_robot/src/install/robot_parts/share/ament_index/resource_index/package_run_dependencies/robot_parts
[0.658s] -- Symlinking: /home/praveen/two_wheeled_robot/src/install/robot_parts/share/ament_index/resource_index/parent_prefix_path/robot_parts
[0.663s] -- Symlinking: /home/praveen/two_wheeled_robot/src/install/robot_parts/share/robot_parts/environment/ament_prefix_path.sh
[0.667s] -- Symlinking: /home/praveen/two_wheeled_robot/src/install/robot_parts/share/robot_parts/environment/ament_prefix_path.dsv
[0.671s] -- Symlinking: /home/praveen/two_wheeled_robot/src/install/robot_parts/share/robot_parts/environment/path.sh
[0.676s] -- Symlinking: /home/praveen/two_wheeled_robot/src/install/robot_parts/share/robot_parts/environment/path.dsv
[0.680s] -- Symlinking: /home/praveen/two_wheeled_robot/src/install/robot_parts/share/robot_parts/local_setup.bash
[0.685s] -- Symlinking: /home/praveen/two_wheeled_robot/src/install/robot_parts/share/robot_parts/local_setup.sh
[0.689s] -- Symlinking: /home/praveen/two_wheeled_robot/src/install/robot_parts/share/robot_parts/local_setup.zsh
[0.694s] -- Symlinking: /home/praveen/two_wheeled_robot/src/install/robot_parts/share/robot_parts/local_setup.dsv
[0.698s] -- Symlinking: /home/praveen/two_wheeled_robot/src/install/robot_parts/share/robot_parts/package.dsv
[0.703s] -- Symlinking: /home/praveen/two_wheeled_robot/src/install/robot_parts/share/ament_index/resource_index/packages/robot_parts
[0.707s] -- Symlinking: /home/praveen/two_wheeled_robot/src/install/robot_parts/share/robot_parts/cmake/robot_partsConfig.cmake
[0.712s] -- Symlinking: /home/praveen/two_wheeled_robot/src/install/robot_parts/share/robot_parts/cmake/robot_partsConfig-version.cmake
[0.716s] -- Symlinking: /home/praveen/two_wheeled_robot/src/install/robot_parts/share/robot_parts/package.xml
[0.723s] Invoked command in '/home/praveen/two_wheeled_robot/src/build/robot_parts' returned '0': CMAKE_PREFIX_PATH=/opt/ros/foxy /usr/bin/cmake --install /home/praveen/two_wheeled_robot/src/build/robot_parts
