[0.008s] Invoking command in '/home/praveen/two_wheeled_robot/src/build/robot_parts': CMAKE_PREFIX_PATH=/opt/ros/foxy /usr/bin/cmake --build /home/praveen/two_wheeled_robot/src/build/robot_parts -- -j16 -l16
[0.039s] Invoked command in '/home/praveen/two_wheeled_robot/src/build/robot_parts' returned '0': CMAKE_PREFIX_PATH=/opt/ros/foxy /usr/bin/cmake --build /home/praveen/two_wheeled_robot/src/build/robot_parts -- -j16 -l16
[0.049s] Invoking command in '/home/praveen/two_wheeled_robot/src/build/robot_parts': CMAKE_PREFIX_PATH=/opt/ros/foxy /usr/bin/cmake --install /home/praveen/two_wheeled_robot/src/build/robot_parts
[0.057s] -- Install configuration: ""
[0.058s] -- Execute custom install script
[0.058s] -- Up-to-date symlink: /home/praveen/two_wheeled_robot/src/install/robot_parts/share/robot_parts/launch/twr_spawn.launch.py
[0.059s] -- Symlinking: /home/praveen/two_wheeled_robot/src/install/robot_parts/share/robot_parts/description/gazebo_control.xacro
[0.070s] -- Up-to-date symlink: /home/praveen/two_wheeled_robot/src/install/robot_parts/share/robot_parts/description/robot_core.xacro
[0.070s] -- Up-to-date symlink: /home/praveen/two_wheeled_robot/src/install/robot_parts/share/robot_parts/description/robot_intertia.xacro
[0.070s] -- Up-to-date symlink: /home/praveen/two_wheeled_robot/src/install/robot_parts/share/robot_parts/description/two_wheeled_robot.xacro
[0.071s] -- Up-to-date symlink: /home/praveen/two_wheeled_robot/src/install/robot_parts/share/ament_index/resource_index/package_run_dependencies/robot_parts
[0.071s] -- Up-to-date symlink: /home/praveen/two_wheeled_robot/src/install/robot_parts/share/ament_index/resource_index/parent_prefix_path/robot_parts
[0.071s] -- Up-to-date symlink: /home/praveen/two_wheeled_robot/src/install/robot_parts/share/robot_parts/environment/ament_prefix_path.sh
[0.072s] -- Up-to-date symlink: /home/praveen/two_wheeled_robot/src/install/robot_parts/share/robot_parts/environment/ament_prefix_path.dsv
[0.072s] -- Up-to-date symlink: /home/praveen/two_wheeled_robot/src/install/robot_parts/share/robot_parts/environment/path.sh
[0.072s] -- Up-to-date symlink: /home/praveen/two_wheeled_robot/src/install/robot_parts/share/robot_parts/environment/path.dsv
[0.073s] -- Up-to-date symlink: /home/praveen/two_wheeled_robot/src/install/robot_parts/share/robot_parts/local_setup.bash
[0.073s] -- Up-to-date symlink: /home/praveen/two_wheeled_robot/src/install/robot_parts/share/robot_parts/local_setup.sh
[0.073s] -- Up-to-date symlink: /home/praveen/two_wheeled_robot/src/install/robot_parts/share/robot_parts/local_setup.zsh
[0.073s] -- Up-to-date symlink: /home/praveen/two_wheeled_robot/src/install/robot_parts/share/robot_parts/local_setup.dsv
[0.074s] -- Symlinking: /home/praveen/two_wheeled_robot/src/install/robot_parts/share/robot_parts/package.dsv
[0.085s] -- Up-to-date symlink: /home/praveen/two_wheeled_robot/src/install/robot_parts/share/ament_index/resource_index/packages/robot_parts
[0.085s] -- Up-to-date symlink: /home/praveen/two_wheeled_robot/src/install/robot_parts/share/robot_parts/cmake/robot_partsConfig.cmake
[0.085s] -- Up-to-date symlink: /home/praveen/two_wheeled_robot/src/install/robot_parts/share/robot_parts/cmake/robot_partsConfig-version.cmake
[0.085s] -- Up-to-date symlink: /home/praveen/two_wheeled_robot/src/install/robot_parts/share/robot_parts/package.xml
[0.087s] Invoked command in '/home/praveen/two_wheeled_robot/src/build/robot_parts' returned '0': CMAKE_PREFIX_PATH=/opt/ros/foxy /usr/bin/cmake --install /home/praveen/two_wheeled_robot/src/build/robot_parts
